navigationCarGZH/build/outputs/logs/manifest-merger-debug-report.txt
-- Merging decision tree log ---
manifest
ADDED from src\main\AndroidManifest.xml:2:1-822:12
	package
		ADDED from src\main\AndroidManifest.xml:3:5-42
		INJECTED from src\main\AndroidManifest.xml
		INJECTED from src\main\AndroidManifest.xml
	android:versionName
		ADDED from src\main\AndroidManifest.xml:5:5-42
		INJECTED from src\main\AndroidManifest.xml
		INJECTED from src\main\AndroidManifest.xml
	android:versionCode
		ADDED from src\main\AndroidManifest.xml:4:5-28
		INJECTED from src\main\AndroidManifest.xml
		INJECTED from src\main\AndroidManifest.xml
	xmlns:android
		ADDED from src\main\AndroidManifest.xml:2:11-69
uses-sdk
ADDED from src\main\AndroidManifest.xml:7:5-44
MERGED from [NavigationCarGZH:protocol_com1.0:unspecified] AndroidManifest.xml:7:5-9:41
MERGED from [com.android.support:support-v4:20.0.0] AndroidManifest.xml:16:5-42
	android:targetSdkVersion
		INJECTED from src\main\AndroidManifest.xml
		INJECTED from src\main\AndroidManifest.xml
	android:minSdkVersion
		ADDED from src\main\AndroidManifest.xml:7:15-41
		INJECTED from src\main\AndroidManifest.xml
		INJECTED from src\main\AndroidManifest.xml
uses-permission#android.permission.DEVICE_POWER
ADDED from src\main\AndroidManifest.xml:10:5-70
	android:name
		ADDED from src\main\AndroidManifest.xml:10:22-68
uses-permission#android.permission.WRITE_SECURE_SETTINGS
ADDED from src\main\AndroidManifest.xml:11:5-80
	android:name
		ADDED from src\main\AndroidManifest.xml:11:22-77
uses-permission#android.permission.ACCESS_NETWORK_STATE
ADDED from src\main\AndroidManifest.xml:12:5-79
	android:name
		ADDED from src\main\AndroidManifest.xml:12:22-76
uses-permission#android.permission.READ_PHONE_STATE
ADDED from src\main\AndroidManifest.xml:13:5-75
	android:name
		ADDED from src\main\AndroidManifest.xml:13:22-72
uses-permission#android.permission.CHANGE_CONFIGURATION
ADDED from src\main\AndroidManifest.xml:14:5-79
	android:name
		ADDED from src\main\AndroidManifest.xml:14:22-76
uses-permission#android.permission.WAKE_LOCK
ADDED from src\main\AndroidManifest.xml:15:5-68
	android:name
		ADDED from src\main\AndroidManifest.xml:15:22-65
uses-permission#android.permission.INTERNET
ADDED from src\main\AndroidManifest.xml:16:5-67
	android:name
		ADDED from src\main\AndroidManifest.xml:16:22-64
uses-permission#android.permission.ACCESS_FINE_LOCATION
ADDED from src\main\AndroidManifest.xml:17:5-79
	android:name
		ADDED from src\main\AndroidManifest.xml:17:22-76
uses-permission#android.permission.ACCESS_COARSE_LOCATION
ADDED from src\main\AndroidManifest.xml:18:5-81
	android:name
		ADDED from src\main\AndroidManifest.xml:18:22-78
uses-permission#android.permission.ACCESS_MOCK_LOCATION
ADDED from src\main\AndroidManifest.xml:19:5-79
	android:name
		ADDED from src\main\AndroidManifest.xml:19:22-76
uses-permission#android.permission.WRITE_SETTINGS
ADDED from src\main\AndroidManifest.xml:20:5-73
	android:name
		ADDED from src\main\AndroidManifest.xml:20:22-70
uses-permission#android.permission.WRITE_EXTERNAL_STORAGE
ADDED from src\main\AndroidManifest.xml:21:5-81
	android:name
		ADDED from src\main\AndroidManifest.xml:21:22-78
uses-permission#android.permission.WRITE_CONTACTS
ADDED from src\main\AndroidManifest.xml:22:5-73
	android:name
		ADDED from src\main\AndroidManifest.xml:22:22-70
uses-permission#android.permission.MOUNT_UNMOUNT_FILESYSTEMS
ADDED from src\main\AndroidManifest.xml:23:5-84
	android:name
		ADDED from src\main\AndroidManifest.xml:23:22-81
uses-permission#android.permission.ACCESS_WIFI_STATE
ADDED from src\main\AndroidManifest.xml:24:5-76
	android:name
		ADDED from src\main\AndroidManifest.xml:24:22-73
uses-permission#android.permission.CHANGE_WIFI_STATE
ADDED from src\main\AndroidManifest.xml:25:5-76
	android:name
		ADDED from src\main\AndroidManifest.xml:25:22-73
uses-permission#android.permission.RECORD_AUDIO
ADDED from src\main\AndroidManifest.xml:26:5-71
	android:name
		ADDED from src\main\AndroidManifest.xml:26:22-68
uses-permission#android.permission.CALL_PHONE
ADDED from src\main\AndroidManifest.xml:27:5-69
	android:name
		ADDED from src\main\AndroidManifest.xml:27:22-66
uses-permission#android.permission.PROCESS_OUTGOING_CALLS
ADDED from src\main\AndroidManifest.xml:28:5-81
	android:name
		ADDED from src\main\AndroidManifest.xml:28:22-78
uses-permission#android.permission.READ_CONTACTS
ADDED from src\main\AndroidManifest.xml:29:5-72
	android:name
		ADDED from src\main\AndroidManifest.xml:29:22-69
uses-permission#android.permission.BROADCAST_STICKY
ADDED from src\main\AndroidManifest.xml:30:5-75
	android:name
		ADDED from src\main\AndroidManifest.xml:30:22-72
uses-permission#android.permission.ACCESS_LOCATION_EXTRA_COMMANDS
ADDED from src\main\AndroidManifest.xml:32:5-89
	android:name
		ADDED from src\main\AndroidManifest.xml:32:22-86
uses-permission#android.permission.RAISED_THREAD_PRIORITY
ADDED from src\main\AndroidManifest.xml:33:5-81
	android:name
		ADDED from src\main\AndroidManifest.xml:33:22-78
uses-permission#android.permission.MODIFY_AUDIO_SETTINGS
ADDED from src\main\AndroidManifest.xml:34:5-80
	android:name
		ADDED from src\main\AndroidManifest.xml:34:22-77
uses-permission#android.permission.SYSTEM_ALERT_WINDOW
ADDED from src\main\AndroidManifest.xml:36:5-77
	android:name
		ADDED from src\main\AndroidManifest.xml:36:22-75
uses-permission#android.permission.RECEIVE_BOOT_COMPLETED
ADDED from src\main\AndroidManifest.xml:37:2-77
	android:name
		ADDED from src\main\AndroidManifest.xml:37:19-75
application
ADDED from src\main\AndroidManifest.xml:38:5-821:19
MERGED from [com.android.support:support-v4:20.0.0] AndroidManifest.xml:17:5-19
	android:label
		ADDED from src\main\AndroidManifest.xml:41:9-43
	android:icon
		ADDED from src\main\AndroidManifest.xml:40:9-38
	android:persistent
		ADDED from src\main\AndroidManifest.xml:43:9-34
	android:theme
		ADDED from src\main\AndroidManifest.xml:42:9-40
	android:name
		ADDED from src\main\AndroidManifest.xml:39:9-78
activity#com.mapabc.android.activity.AutoNaviStartActicity
ADDED from src\main\AndroidManifest.xml:45:9-52:20
	android:label
		ADDED from src\main\AndroidManifest.xml:47:13-47
	android:name
		ADDED from src\main\AndroidManifest.xml:46:13-77
intent-filter#android.intent.action.MAIN+android.intent.category.LAUNCHER
ADDED from src\main\AndroidManifest.xml:48:13-51:29
action#android.intent.action.MAIN
ADDED from src\main\AndroidManifest.xml:49:17-69
	android:name
		ADDED from src\main\AndroidManifest.xml:49:25-66
category#android.intent.category.LAUNCHER
ADDED from src\main\AndroidManifest.xml:50:17-77
	android:name
		ADDED from src\main\AndroidManifest.xml:50:27-74
receiver#com.mapabc.android.activity.BootBroadcastReceiver
ADDED from src\main\AndroidManifest.xml:54:14-60:20
	android:name
		ADDED from src\main\AndroidManifest.xml:54:24-61
intent-filter#android.intent.action.BOOT_COMPLETED+android.intent.category.HOME
ADDED from src\main\AndroidManifest.xml:55:13-59:29
action#android.intent.action.BOOT_COMPLETED
ADDED from src\main\AndroidManifest.xml:56:17-79
	android:name
		ADDED from src\main\AndroidManifest.xml:56:25-76
category#android.intent.category.HOME
ADDED from src\main\AndroidManifest.xml:58:17-73
	android:name
		ADDED from src\main\AndroidManifest.xml:58:27-70
activity#com.mapabc.android.activity.AutoNaviSplashActicity
ADDED from src\main\AndroidManifest.xml:62:9-72:20
	android:label
		ADDED from src\main\AndroidManifest.xml:65:13-45
	android:configChanges
		ADDED from src\main\AndroidManifest.xml:64:13-63
	android:theme
		ADDED from src\main\AndroidManifest.xml:66:13-66
	android:name
		ADDED from src\main\AndroidManifest.xml:63:13-78
intent-filter#android.intent.category.DEFAULT+com.mapabc.android.activity.AutoNaviSplashActicity
ADDED from src\main\AndroidManifest.xml:67:13-71:29
action#com.mapabc.android.activity.AutoNaviSplashActicity
ADDED from src\main\AndroidManifest.xml:68:17-93
	android:name
		ADDED from src\main\AndroidManifest.xml:68:25-90
category#android.intent.category.DEFAULT
ADDED from src\main\AndroidManifest.xml:70:17-76
	android:name
		ADDED from src\main\AndroidManifest.xml:70:27-73
activity#com.mapabc.android.activity.AutoNaviLogoActivity
ADDED from src\main\AndroidManifest.xml:73:9-83:20
	android:label
		ADDED from src\main\AndroidManifest.xml:76:13-45
	android:configChanges
		ADDED from src\main\AndroidManifest.xml:75:13-63
	android:theme
		ADDED from src\main\AndroidManifest.xml:77:13-66
	android:name
		ADDED from src\main\AndroidManifest.xml:74:13-76
intent-filter#android.intent.category.DEFAULT+com.mapabc.android.activity.AutoNaviLogoActivity
ADDED from src\main\AndroidManifest.xml:78:13-82:29
action#com.mapabc.android.activity.AutoNaviLogoActivity
ADDED from src\main\AndroidManifest.xml:79:17-91
	android:name
		ADDED from src\main\AndroidManifest.xml:79:25-88
activity#com.mapabc.android.activity.NaviStudioActivity
ADDED from src\main\AndroidManifest.xml:84:9-95:20
	android:label
		ADDED from src\main\AndroidManifest.xml:88:13-45
	android:launchMode
		ADDED from src\main\AndroidManifest.xml:90:13-44
	android:allowTaskReparenting
		ADDED from src\main\AndroidManifest.xml:86:13-48
	android:configChanges
		ADDED from src\main\AndroidManifest.xml:87:13-74
	android:theme
		ADDED from src\main\AndroidManifest.xml:89:13-66
	android:name
		ADDED from src\main\AndroidManifest.xml:85:13-74
intent-filter#android.intent.category.DEFAULT+com.mapabc.android.activity.NaviStudioActivity
ADDED from src\main\AndroidManifest.xml:91:13-94:29
action#com.mapabc.android.activity.NaviStudioActivity
ADDED from src\main\AndroidManifest.xml:92:17-89
	android:name
		ADDED from src\main\AndroidManifest.xml:92:25-86
activity#com.mapabc.android.activity.setting.OtherFunctionActivity
ADDED from src\main\AndroidManifest.xml:96:9-105:20
	android:label
		ADDED from src\main\AndroidManifest.xml:99:13-45
	android:configChanges
		ADDED from src\main\AndroidManifest.xml:98:13-63
	android:theme
		ADDED from src\main\AndroidManifest.xml:100:13-66
	android:name
		ADDED from src\main\AndroidManifest.xml:97:13-85
intent-filter#android.intent.category.DEFAULT+com.mapabc.android.activity.setting.OtherFunctionActivity
ADDED from src\main\AndroidManifest.xml:101:13-104:29
action#com.mapabc.android.activity.setting.OtherFunctionActivity
ADDED from src\main\AndroidManifest.xml:102:17-100
	android:name
		ADDED from src\main\AndroidManifest.xml:102:25-97
activity#com.mapabc.android.activity.route.track.TraceListActivity
ADDED from src\main\AndroidManifest.xml:106:9-114:20
	android:label
		ADDED from src\main\AndroidManifest.xml:108:13-52
	android:theme
		ADDED from src\main\AndroidManifest.xml:109:13-66
	android:name
		ADDED from src\main\AndroidManifest.xml:107:13-85
intent-filter#android.intent.category.DEFAULT+com.mapabc.android.activity.route.track.TraceListActivity
ADDED from src\main\AndroidManifest.xml:110:13-113:29
action#com.mapabc.android.activity.route.track.TraceListActivity
ADDED from src\main\AndroidManifest.xml:111:17-100
	android:name
		ADDED from src\main\AndroidManifest.xml:111:25-97
activity#com.novsky.map.main.GPSStatusActivity
ADDED from src\main\AndroidManifest.xml:115:9-123:20
	android:screenOrientation
		ADDED from src\main\AndroidManifest.xml:118:13-49
	android:label
		ADDED from src\main\AndroidManifest.xml:117:13-54
	android:name
		ADDED from src\main\AndroidManifest.xml:116:13-65
intent-filter#android.intent.category.DEFAULT+com.novsky.map.main.GPSStatusActivity
ADDED from src\main\AndroidManifest.xml:119:13-122:29
action#com.novsky.map.main.GPSStatusActivity
ADDED from src\main\AndroidManifest.xml:120:17-80
	android:name
		ADDED from src\main\AndroidManifest.xml:120:25-77
activity#com.novsky.map.main.BD2StatusActivity
ADDED from src\main\AndroidManifest.xml:124:9-132:20
	android:screenOrientation
		ADDED from src\main\AndroidManifest.xml:127:13-49
	android:label
		ADDED from src\main\AndroidManifest.xml:126:13-53
	android:name
		ADDED from src\main\AndroidManifest.xml:125:13-65
intent-filter#android.intent.category.DEFAULT+com.novsky.map.main.BD2StatusActivity
ADDED from src\main\AndroidManifest.xml:128:13-131:29
action#com.novsky.map.main.BD2StatusActivity
ADDED from src\main\AndroidManifest.xml:129:17-80
	android:name
		ADDED from src\main\AndroidManifest.xml:129:25-77
activity#com.mapabc.android.activity.GPSInfoActivity
ADDED from src\main\AndroidManifest.xml:133:9-141:20
	android:label
		ADDED from src\main\AndroidManifest.xml:135:13-52
	android:theme
		ADDED from src\main\AndroidManifest.xml:136:13-66
	android:name
		ADDED from src\main\AndroidManifest.xml:134:13-71
intent-filter#android.intent.category.DEFAULT+com.mapabc.android.activity.GPSInfoActivity
ADDED from src\main\AndroidManifest.xml:137:13-140:29
action#com.mapabc.android.activity.GPSInfoActivity
ADDED from src\main\AndroidManifest.xml:138:17-86
	android:name
		ADDED from src\main\AndroidManifest.xml:138:25-83
activity#com.mapabc.android.activity.BDInfoActivity
ADDED from src\main\AndroidManifest.xml:142:9-150:20
	android:label
		ADDED from src\main\AndroidManifest.xml:144:13-52
	android:theme
		ADDED from src\main\AndroidManifest.xml:145:13-66
	android:name
		ADDED from src\main\AndroidManifest.xml:143:13-70
intent-filter#android.intent.category.DEFAULT+com.mapabc.android.activity.BDInfoActivity
ADDED from src\main\AndroidManifest.xml:146:13-149:29
action#com.mapabc.android.activity.BDInfoActivity
ADDED from src\main\AndroidManifest.xml:147:17-85
	android:name
		ADDED from src\main\AndroidManifest.xml:147:25-82
activity#com.mapabc.android.activity.setting.SettingForLikeActivity
ADDED from src\main\AndroidManifest.xml:151:9-163:20
	android:label
		ADDED from src\main\AndroidManifest.xml:154:13-52
	android:configChanges
		ADDED from src\main\AndroidManifest.xml:153:13-63
	android:theme
		ADDED from src\main\AndroidManifest.xml:155:13-66
	android:name
		ADDED from src\main\AndroidManifest.xml:152:13-86
intent-filter#android.intent.category.DEFAULT+com.mapabc.android.activity.setting.SettingForLikeActivity
ADDED from src\main\AndroidManifest.xml:156:13-162:29
action#com.mapabc.android.activity.setting.SettingForLikeActivity
ADDED from src\main\AndroidManifest.xml:157:17-158:26
	android:name
		ADDED from src\main\AndroidManifest.xml:157:25-98
activity#com.mapabc.android.activity.setting.SettingMapActivity
ADDED from src\main\AndroidManifest.xml:164:9-176:20
	android:label
		ADDED from src\main\AndroidManifest.xml:167:13-52
	android:configChanges
		ADDED from src\main\AndroidManifest.xml:166:13-63
	android:theme
		ADDED from src\main\AndroidManifest.xml:168:13-66
	android:name
		ADDED from src\main\AndroidManifest.xml:165:13-82
intent-filter#android.intent.category.DEFAULT+com.mapabc.android.activity.setting.SettingMapActivity
ADDED from src\main\AndroidManifest.xml:169:13-175:29
action#com.mapabc.android.activity.setting.SettingMapActivity
ADDED from src\main\AndroidManifest.xml:170:17-171:26
	android:name
		ADDED from src\main\AndroidManifest.xml:170:25-94
activity#com.mapabc.android.activity.setting.SettingRouteActivity
ADDED from src\main\AndroidManifest.xml:177:9-189:20
	android:label
		ADDED from src\main\AndroidManifest.xml:180:13-52
	android:configChanges
		ADDED from src\main\AndroidManifest.xml:179:13-63
	android:theme
		ADDED from src\main\AndroidManifest.xml:181:13-66
	android:name
		ADDED from src\main\AndroidManifest.xml:178:13-84
intent-filter#android.intent.category.DEFAULT+com.mapabc.android.activity.setting.SettingRouteActivity
ADDED from src\main\AndroidManifest.xml:182:13-188:29
action#com.mapabc.android.activity.setting.SettingRouteActivity
ADDED from src\main\AndroidManifest.xml:183:17-184:26
	android:name
		ADDED from src\main\AndroidManifest.xml:183:25-96
activity#com.mapabc.android.activity.setting.SettingTrafficRadioActivity
ADDED from src\main\AndroidManifest.xml:190:9-202:20
	android:label
		ADDED from src\main\AndroidManifest.xml:193:13-52
	android:configChanges
		ADDED from src\main\AndroidManifest.xml:192:13-63
	android:theme
		ADDED from src\main\AndroidManifest.xml:194:13-66
	android:name
		ADDED from src\main\AndroidManifest.xml:191:13-91
intent-filter#android.intent.category.DEFAULT+com.mapabc.android.activity.setting.SettingTrafficRadioActivity
ADDED from src\main\AndroidManifest.xml:195:13-201:29
action#com.mapabc.android.activity.setting.SettingTrafficRadioActivity
ADDED from src\main\AndroidManifest.xml:196:17-197:26
	android:name
		ADDED from src\main\AndroidManifest.xml:196:25-103
activity#com.mapabc.android.activity.setting.AboutAutonaviActivity
ADDED from src\main\AndroidManifest.xml:203:9-217:20
	android:label
		ADDED from src\main\AndroidManifest.xml:207:13-52
	android:allowTaskReparenting
		ADDED from src\main\AndroidManifest.xml:205:13-49
	android:configChanges
		ADDED from src\main\AndroidManifest.xml:206:13-63
	android:theme
		ADDED from src\main\AndroidManifest.xml:209:13-66
	android:taskAffinity
		ADDED from src\main\AndroidManifest.xml:208:13-64
	android:name
		ADDED from src\main\AndroidManifest.xml:204:13-85
intent-filter#android.intent.category.DEFAULT+com.mapabc.android.activity.setting.AboutAutonaviActivity
ADDED from src\main\AndroidManifest.xml:210:13-216:29
action#com.mapabc.android.activity.setting.AboutAutonaviActivity
ADDED from src\main\AndroidManifest.xml:211:17-212:26
	android:name
		ADDED from src\main\AndroidManifest.xml:211:25-97
activity#com.mapabc.android.activity.route.RouteManagerActivity
ADDED from src\main\AndroidManifest.xml:218:9-229:20
	android:configChanges
		ADDED from src\main\AndroidManifest.xml:220:13-63
	android:theme
		ADDED from src\main\AndroidManifest.xml:221:13-66
	android:name
		ADDED from src\main\AndroidManifest.xml:219:13-82
intent-filter#android.intent.category.DEFAULT+com.mapabc.android.activity.route.RouteManagerActivity
ADDED from src\main\AndroidManifest.xml:222:13-228:29
action#com.mapabc.android.activity.route.RouteManagerActivity
ADDED from src\main\AndroidManifest.xml:223:17-224:26
	android:name
		ADDED from src\main\AndroidManifest.xml:223:25-94
activity#com.mapabc.android.activity.search.SearchLocationActivity
ADDED from src\main\AndroidManifest.xml:230:9-243:20
	android:label
		ADDED from src\main\AndroidManifest.xml:233:13-52
	android:finishOnTaskLaunch
		ADDED from src\main\AndroidManifest.xml:232:13-46
	android:theme
		ADDED from src\main\AndroidManifest.xml:234:13-66
	android:name
		ADDED from src\main\AndroidManifest.xml:231:13-85
intent-filter#android.intent.category.DEFAULT+com.mapabc.android.activity.search.SearchLocationActivity
ADDED from src\main\AndroidManifest.xml:236:13-242:29
action#com.mapabc.android.activity.search.SearchLocationActivity
ADDED from src\main\AndroidManifest.xml:237:17-238:26
	android:name
		ADDED from src\main\AndroidManifest.xml:237:25-97
activity#com.mapabc.android.activity.search.MyFavoritesActivity
ADDED from src\main\AndroidManifest.xml:244:9-256:20
	android:label
		ADDED from src\main\AndroidManifest.xml:246:13-52
	android:launchMode
		ADDED from src\main\AndroidManifest.xml:247:13-44
	android:theme
		ADDED from src\main\AndroidManifest.xml:248:13-66
	android:name
		ADDED from src\main\AndroidManifest.xml:245:13-82
intent-filter#android.intent.category.DEFAULT+com.mapabc.android.activity.search.MyFavoritesActivity
ADDED from src\main\AndroidManifest.xml:249:13-255:29
action#com.mapabc.android.activity.search.MyFavoritesActivity
ADDED from src\main\AndroidManifest.xml:250:17-251:26
	android:name
		ADDED from src\main\AndroidManifest.xml:250:25-94
activity#com.mapabc.android.activity.search.SearchPOIByFirstAlphaBetActivity
ADDED from src\main\AndroidManifest.xml:257:9-268:20
	android:label
		ADDED from src\main\AndroidManifest.xml:259:13-52
	android:theme
		ADDED from src\main\AndroidManifest.xml:260:13-66
	android:name
		ADDED from src\main\AndroidManifest.xml:258:13-95
intent-filter#android.intent.category.DEFAULT+com.mapabc.android.activity.search.SearchPOIByFirstAlphaBetActivity
ADDED from src\main\AndroidManifest.xml:261:13-267:29
action#com.mapabc.android.activity.search.SearchPOIByFirstAlphaBetActivity
ADDED from src\main\AndroidManifest.xml:262:17-263:26
	android:name
		ADDED from src\main\AndroidManifest.xml:262:25-107
activity#com.mapabc.android.activity.search.ChooseCityActivity
ADDED from src\main\AndroidManifest.xml:269:9-281:20
	android:label
		ADDED from src\main\AndroidManifest.xml:272:13-52
	android:finishOnTaskLaunch
		ADDED from src\main\AndroidManifest.xml:271:13-46
	android:theme
		ADDED from src\main\AndroidManifest.xml:273:13-66
	android:name
		ADDED from src\main\AndroidManifest.xml:270:13-81
intent-filter#android.intent.category.DEFAULT+com.mapabc.android.activity.search.ChooseCityActivity
ADDED from src\main\AndroidManifest.xml:274:13-280:29
action#com.mapabc.android.activity.search.ChooseCityActivity
ADDED from src\main\AndroidManifest.xml:275:17-276:26
	android:name
		ADDED from src\main\AndroidManifest.xml:275:25-93
activity#com.mapabc.android.activity.search.result.SearchResultFirstAlphaBetActivity
ADDED from src\main\AndroidManifest.xml:282:9-294:20
	android:label
		ADDED from src\main\AndroidManifest.xml:285:13-52
	android:configChanges
		ADDED from src\main\AndroidManifest.xml:284:13-63
	android:theme
		ADDED from src\main\AndroidManifest.xml:286:13-66
	android:name
		ADDED from src\main\AndroidManifest.xml:283:13-103
intent-filter#android.intent.category.DEFAULT+com.mapabc.android.activity.search.SearchResultFirstAlphaBetActivity
ADDED from src\main\AndroidManifest.xml:287:13-293:29
action#com.mapabc.android.activity.search.SearchResultFirstAlphaBetActivity
ADDED from src\main\AndroidManifest.xml:288:17-289:26
	android:name
		ADDED from src\main\AndroidManifest.xml:288:25-108
activity#com.mapabc.android.activity.search.SearchPOIByKeyWordActivity
ADDED from src\main\AndroidManifest.xml:295:9-307:20
	android:label
		ADDED from src\main\AndroidManifest.xml:298:13-52
	android:allowTaskReparenting
		ADDED from src\main\AndroidManifest.xml:297:13-48
	android:theme
		ADDED from src\main\AndroidManifest.xml:299:13-66
	android:name
		ADDED from src\main\AndroidManifest.xml:296:13-89
intent-filter#android.intent.category.DEFAULT+com.mapabc.android.activity.search.SearchPOIByKeyWordActivity
ADDED from src\main\AndroidManifest.xml:300:13-306:29
action#com.mapabc.android.activity.search.SearchPOIByKeyWordActivity
ADDED from src\main\AndroidManifest.xml:301:17-302:26
	android:name
		ADDED from src\main\AndroidManifest.xml:301:25-101
activity#com.mapabc.android.activity.search.result.SearchResultOfKeyWordActivity
ADDED from src\main\AndroidManifest.xml:308:9-320:20
	android:label
		ADDED from src\main\AndroidManifest.xml:311:13-52
	android:configChanges
		ADDED from src\main\AndroidManifest.xml:310:13-63
	android:theme
		ADDED from src\main\AndroidManifest.xml:312:13-66
	android:name
		ADDED from src\main\AndroidManifest.xml:309:13-99
intent-filter#android.intent.category.DEFAULT+com.mapabc.android.activity.search.SearchResultOfKeyWordActivity
ADDED from src\main\AndroidManifest.xml:313:13-319:29
action#com.mapabc.android.activity.search.SearchResultOfKeyWordActivity
ADDED from src\main\AndroidManifest.xml:314:17-315:26
	android:name
		ADDED from src\main\AndroidManifest.xml:314:25-104
activity#com.mapabc.android.activity.route.GlanceRouteActivity
ADDED from src\main\AndroidManifest.xml:321:9-332:20
	android:label
		ADDED from src\main\AndroidManifest.xml:323:13-52
	android:theme
		ADDED from src\main\AndroidManifest.xml:324:13-66
	android:name
		ADDED from src\main\AndroidManifest.xml:322:13-81
intent-filter#android.intent.category.DEFAULT+com.mapabc.android.activity.route.GlanceRouteActivity
ADDED from src\main\AndroidManifest.xml:325:13-331:29
action#com.mapabc.android.activity.route.GlanceRouteActivity
ADDED from src\main\AndroidManifest.xml:326:17-327:26
	android:name
		ADDED from src\main\AndroidManifest.xml:326:25-93
activity#com.mapabc.android.activity.route.RouteDescriptionActivity
ADDED from src\main\AndroidManifest.xml:333:9-344:20
	android:label
		ADDED from src\main\AndroidManifest.xml:335:13-52
	android:theme
		ADDED from src\main\AndroidManifest.xml:336:14-67
	android:name
		ADDED from src\main\AndroidManifest.xml:334:13-86
intent-filter#android.intent.category.DEFAULT+com.mapabc.android.activity.route.RouteDescriptionActivity
ADDED from src\main\AndroidManifest.xml:337:13-343:29
action#com.mapabc.android.activity.route.RouteDescriptionActivity
ADDED from src\main\AndroidManifest.xml:338:17-339:26
	android:name
		ADDED from src\main\AndroidManifest.xml:338:25-98
activity#com.mapabc.android.activity.search.SearchAroundPOIActivity
ADDED from src\main\AndroidManifest.xml:345:9-357:20
	android:label
		ADDED from src\main\AndroidManifest.xml:348:13-52
	android:configChanges
		ADDED from src\main\AndroidManifest.xml:347:13-63
	android:theme
		ADDED from src\main\AndroidManifest.xml:349:13-66
	android:name
		ADDED from src\main\AndroidManifest.xml:346:13-86
intent-filter#android.intent.category.DEFAULT+com.mapabc.android.activity.search.SearchAroundPOIActivity
ADDED from src\main\AndroidManifest.xml:350:13-356:29
action#com.mapabc.android.activity.search.SearchAroundPOIActivity
ADDED from src\main\AndroidManifest.xml:351:17-352:26
	android:name
		ADDED from src\main\AndroidManifest.xml:351:25-98
activity#com.mapabc.android.activity.search.EditPOIInfoActivity
ADDED from src\main\AndroidManifest.xml:358:9-369:20
	android:label
		ADDED from src\main\AndroidManifest.xml:360:13-52
	android:theme
		ADDED from src\main\AndroidManifest.xml:361:13-66
	android:name
		ADDED from src\main\AndroidManifest.xml:359:13-82
intent-filter#android.intent.category.DEFAULT+com.mapabc.android.activity.search.EditPOIInfoActivity
ADDED from src\main\AndroidManifest.xml:362:13-368:29
action#com.mapabc.android.activity.search.EditPOIInfoActivity
ADDED from src\main\AndroidManifest.xml:363:17-364:26
	android:name
		ADDED from src\main\AndroidManifest.xml:363:25-94
activity#com.mapabc.android.activity.route.CrossingViewActivity
ADDED from src\main\AndroidManifest.xml:370:9-382:20
	android:label
		ADDED from src\main\AndroidManifest.xml:373:13-52
	android:configChanges
		ADDED from src\main\AndroidManifest.xml:372:13-63
	android:theme
		ADDED from src\main\AndroidManifest.xml:374:13-66
	android:name
		ADDED from src\main\AndroidManifest.xml:371:13-82
intent-filter#android.intent.category.DEFAULT+com.mapabc.android.activity.route.CrossingViewActivity
ADDED from src\main\AndroidManifest.xml:375:13-381:29
action#com.mapabc.android.activity.route.CrossingViewActivity
ADDED from src\main\AndroidManifest.xml:376:17-377:26
	android:name
		ADDED from src\main\AndroidManifest.xml:376:25-94
activity#com.mapabc.android.activity.search.result.SearchAroundResultActivity
ADDED from src\main\AndroidManifest.xml:383:9-396:20
	android:label
		ADDED from src\main\AndroidManifest.xml:387:13-52
	android:configChanges
		ADDED from src\main\AndroidManifest.xml:385:13-63
	android:finishOnTaskLaunch
		ADDED from src\main\AndroidManifest.xml:386:13-46
	android:theme
		ADDED from src\main\AndroidManifest.xml:388:13-66
	android:name
		ADDED from src\main\AndroidManifest.xml:384:13-96
intent-filter#android.intent.category.DEFAULT+com.mapabc.android.activity.search.SearchAroundResultActivity
ADDED from src\main\AndroidManifest.xml:389:13-395:29
action#com.mapabc.android.activity.search.SearchAroundResultActivity
ADDED from src\main\AndroidManifest.xml:390:17-391:26
	android:name
		ADDED from src\main\AndroidManifest.xml:390:25-101
activity#com.mapabc.android.activity.search.SearchUserEyeActivity
ADDED from src\main\AndroidManifest.xml:397:9-409:20
	android:label
		ADDED from src\main\AndroidManifest.xml:399:13-52
	android:launchMode
		ADDED from src\main\AndroidManifest.xml:400:13-44
	android:theme
		ADDED from src\main\AndroidManifest.xml:401:13-66
	android:name
		ADDED from src\main\AndroidManifest.xml:398:13-84
intent-filter#android.intent.category.DEFAULT+com.mapabc.android.activity.search.SearchUserEyeActivity
ADDED from src\main\AndroidManifest.xml:402:13-408:29
action#com.mapabc.android.activity.search.SearchUserEyeActivity
ADDED from src\main\AndroidManifest.xml:403:17-404:26
	android:name
		ADDED from src\main\AndroidManifest.xml:403:25-96
activity#com.mapabc.android.activity.route.track.TrackManagerActivity
ADDED from src\main\AndroidManifest.xml:410:9-421:20
	android:label
		ADDED from src\main\AndroidManifest.xml:412:13-52
	android:theme
		ADDED from src\main\AndroidManifest.xml:413:13-66
	android:name
		ADDED from src\main\AndroidManifest.xml:411:13-88
intent-filter#android.intent.category.DEFAULT+com.mapabc.android.activity.route.track.TrackManagerActivity
ADDED from src\main\AndroidManifest.xml:414:13-420:29
action#com.mapabc.android.activity.route.track.TrackManagerActivity
ADDED from src\main\AndroidManifest.xml:415:17-416:26
	android:name
		ADDED from src\main\AndroidManifest.xml:415:25-100
activity#com.mapabc.android.activity.route.track.TracePreviewActivity
ADDED from src\main\AndroidManifest.xml:422:9-433:20
	android:label
		ADDED from src\main\AndroidManifest.xml:424:13-52
	android:theme
		ADDED from src\main\AndroidManifest.xml:425:13-66
	android:name
		ADDED from src\main\AndroidManifest.xml:423:13-88
intent-filter#android.intent.category.DEFAULT+com.mapabc.android.activity.route.track.TracePreviewActivity
ADDED from src\main\AndroidManifest.xml:426:13-432:29
action#com.mapabc.android.activity.route.track.TracePreviewActivity
ADDED from src\main\AndroidManifest.xml:427:17-428:26
	android:name
		ADDED from src\main\AndroidManifest.xml:427:25-100
activity#com.mapabc.android.activity.route.track.TraceActivity
ADDED from src\main\AndroidManifest.xml:434:9-445:20
	android:label
		ADDED from src\main\AndroidManifest.xml:436:13-52
	android:theme
		ADDED from src\main\AndroidManifest.xml:437:13-66
	android:name
		ADDED from src\main\AndroidManifest.xml:435:13-81
intent-filter#android.intent.category.DEFAULT+com.mapabc.android.activity.route.track.TraceActivity